============================= test session starts =============================
platform win32 -- Python 3.11.15, pytest-9.1.1, pluggy-1.6.0 -- D:\Trace\.acceptance\clean-env\Scripts\python.exe
cachedir: .pytest_cache
rootdir: D:\Trace
configfile: pytest.ini
plugins: anyio-4.15.1
collecting ... collected 480 items

tests/test_ai_gates.py::test_stage_a_schema_valid_output_passes PASSED   [  0%]
tests/test_ai_gates.py::test_stage_a_schema_rejects_missing_required PASSED [  0%]
tests/test_ai_gates.py::test_stage_a_schema_rejects_bad_enum PASSED      [  0%]
tests/test_ai_gates.py::test_stage_a_schema_rejects_empty_title PASSED   [  0%]
tests/test_ai_gates.py::test_stage_b_schema_valid_output_passes PASSED   [  1%]
tests/test_ai_gates.py::test_stage_b_schema_rejects_out_of_range_confidence PASSED [  1%]
tests/test_ai_gates.py::test_stage_b_schema_rejects_bad_direction PASSED [  1%]
tests/test_ai_gates.py::test_stage_b_schema_requires_impacts_key PASSED  [  1%]
tests/test_ai_gates.py::test_check_evidence_ids_drops_fabricated PASSED  [  1%]
tests/test_ai_gates.py::test_check_evidence_ids_all_fabricated_gives_empty PASSED [  2%]
tests/test_ai_gates.py::test_check_evidence_ids_empty_input PASSED       [  2%]
tests/test_ai_gates.py::test_extract_json_plain PASSED                   [  2%]
tests/test_ai_gates.py::test_extract_json_markdown_wrapped PASSED        [  2%]
tests/test_ai_gates.py::test_extract_json_with_prefix_text PASSED        [  2%]
tests/test_ai_gates.py::test_extract_json_no_object_raises PASSED        [  3%]
tests/test_ai_gates.py::test_schema_validation_retries_then_succeeds PASSED [  3%]
tests/test_ai_gates.py::test_schema_validation_exhausted_raises PASSED   [  3%]
tests/test_ai_gates.py::test_production_mode_no_llm_extractor_raises PASSED [  3%]
tests/test_ai_gates.py::test_production_mode_no_llm_analyzer_raises PASSED [  3%]
tests/test_ai_gates.py::test_offline_mode_no_llm_degrades_with_marker PASSED [  4%]
tests/test_ai_gates.py::test_offline_analyzer_rule_degraded_low_confidence PASSED [  4%]
tests/test_alerts.py::test_delivery_ok_parses_message_id PASSED          [  4%]
tests/test_alerts.py::test_delivery_api_error_not_http200_success PASSED [  4%]
tests/test_alerts.py::test_delivery_missing_message_id_fails PASSED      [  5%]
tests/test_alerts.py::test_delivery_network_error PASSED                 [  5%]
tests/test_alerts.py::test_delivery_429_retries_after_retry_after PASSED [  5%]
tests/test_alerts.py::test_delivery_429_exhausted_reports_api_error PASSED [  5%]
tests/test_alerts.py::test_delivery_non_json PASSED                      [  5%]
tests/test_alerts.py::test_delivery_missing_token_no_request PASSED      [  6%]
tests/test_alerts.py::test_get_me_parses_identity PASSED                 [  6%]
tests/test_alerts.py::test_throttle_keeps_min_interval_between_sends PASSED [  6%]
tests/test_alerts.py::test_throttle_is_per_chat PASSED                   [  6%]
tests/test_alerts.py::test_every_market_mode_has_user_facing_note PASSED [  6%]
tests/test_alerts.py::test_real_market_mode_adds_no_noise PASSED         [  7%]
tests/test_alerts.py::test_defer_next_send_pushes_slot PASSED            [  7%]
tests/test_alerts.py::test_already_sent_counts_only_sent PASSED          [  7%]
tests/test_alerts.py::test_failed_delivery_allows_retry PASSED           [  7%]
tests/test_alerts.py::test_sent_not_downgraded_by_failed PASSED          [  7%]
tests/test_alerts.py::test_evaluate_idempotent_across_versions PASSED    [  8%]
tests/test_alerts.py::test_evaluate_threshold_suppression PASSED         [  8%]
tests/test_alerts.py::test_evaluate_mute_suppression PASSED              [  8%]
tests/test_alerts.py::test_render_contains_required_fields PASSED        [  8%]
tests/test_alerts.py::test_render_degraded_markers_explicit PASSED       [  8%]
tests/test_alerts.py::test_render_no_degraded_marker_when_full PASSED    [  9%]
tests/test_alerts.py::test_render_timezone_conversion PASSED             [  9%]
tests/test_alerts.py::test_render_update_header PASSED                   [  9%]
tests/test_alerts.py::test_render_update_link_from_evidence PASSED       [  9%]
tests/test_api.py::test_root_endpoint PASSED                             [ 10%]
tests/test_api.py::test_health_endpoint PASSED                           [ 10%]
tests/test_api.py::test_status_endpoint PASSED                           [ 10%]
tests/test_api.py::test_events_list_and_detail PASSED                    [ 10%]
tests/test_api.py::test_watchlist_flow PASSED                            [ 10%]
tests/test_api.py::test_ask_flow PASSED                                  [ 11%]
tests/test_api.py::test_digest_today PASSED                              [ 11%]
tests/test_api.py::test_market_indices PASSED                            [ 11%]
tests/test_api.py::test_ask_quote_and_status PASSED                      [ 11%]
tests/test_api.py::test_ask_degraded_when_no_llm PASSED                  [ 11%]
tests/test_api.py::test_watchlist_user_isolation_and_clear PASSED        [ 12%]
tests/test_api.py::test_ask_role_validation_and_injection PASSED         [ 12%]
tests/test_api.py::test_llm_budget_allow_call_and_atomic_consume PASSED  [ 12%]
tests/test_ask_grounding.py::test_ask_no_evidence_refusal PASSED         [ 12%]
tests/test_ask_grounding.py::test_ask_scenario_mode_with_assumptions PASSED [ 12%]
tests/test_ask_grounding.py::test_ask_pinned_event_grounding PASSED      [ 13%]
tests/test_ask_grounding.py::test_dynamic_graph_chain_hops PASSED        [ 13%]
tests/test_ask_grounding.py::test_api_ask_modes_and_grounding PASSED     [ 13%]
tests/test_auth_lifecycle.py::test_session_creation_returns_refresh_token PASSED [ 13%]
tests/test_auth_lifecycle.py::test_session_refresh_preserves_user_identity_and_data PASSED [ 13%]
tests/test_auth_lifecycle.py::test_refresh_token_replay_attack_revokes_entire_family PASSED [ 14%]
tests/test_auth_lifecycle.py::test_session_and_refresh_revocation PASSED [ 14%]
tests/test_auth_lifecycle.py::test_production_mode_and_dev_grant_restrictions PASSED [ 14%]
tests/test_auth_lifecycle.py::test_invalid_trace_mode_fails_startup PASSED [ 14%]
tests/test_authz.py::test_unauthenticated_requests_rejected PASSED       [ 15%]
tests/test_authz.py::test_public_endpoints_accessible_anonymously PASSED [ 15%]
tests/test_authz.py::test_status_endpoint_desensitized PASSED            [ 15%]
tests/test_authz.py::test_session_lifecycle_and_revocation PASSED        [ 15%]
tests/test_authz.py::test_expired_session_rejected PASSED                [ 15%]
tests/test_authz.py::test_object_authorization_rejects_identity_tampering PASSED [ 16%]
tests/test_authz.py::test_production_mode_prohibits_dev_grant PASSED     [ 16%]
tests/test_budget_concurrency.py::test_budget_atomic_try_consume_concurrency PASSED [ 16%]
tests/test_budget_concurrency.py::test_llm_client_complete_text_concurrency_with_budget PASSED [ 16%]
tests/test_budget_concurrency.py::test_budget_boundary_and_validation PASSED [ 16%]
tests/test_budget_concurrency.py::test_budget_multiprocess_competition PASSED [ 17%]
tests/test_budget_concurrency.py::test_budget_utc_rollover PASSED        [ 17%]
tests/test_budget_concurrency.py::test_budget_ask_user_and_reserve PASSED [ 17%]
tests/test_budget_concurrency.py::test_complete_text_with_ask_user_quota PASSED [ 17%]
tests/test_cn_market_data.py::test_symbol_conversion PASSED              [ 17%]
tests/test_cn_market_data.py::test_parse_quotes_success PASSED           [ 18%]
tests/test_cn_market_data.py::test_get_quote_single PASSED               [ 18%]
tests/test_cn_market_data.py::test_network_failure_graceful PASSED       [ 18%]
tests/test_cn_market_data.py::test_malformed_response_graceful PASSED    [ 18%]
tests/test_cn_market_data.py::test_build_cn_provider_factory PASSED      [ 18%]
tests/test_collector_cursor_safety.py::test_set_does_not_persist_until_commit PASSED [ 19%]
tests/test_collector_cursor_safety.py::test_discard_drops_uncommitted_cursor PASSED [ 19%]
tests/test_collector_cursor_safety.py::test_get_reflects_pending_within_same_round PASSED [ 19%]
tests/test_collector_cursor_safety.py::test_get_returns_a_copy_not_the_pending_object PASSED [ 19%]
tests/test_collector_cursor_safety.py::test_cursor_committed_after_successful_round PASSED [ 20%]
tests/test_collector_cursor_safety.py::test_aborted_round_does_not_advance_cursor PASSED [ 20%]
tests/test_collector_cursor_safety.py::test_pending_cursor_from_aborted_round_is_dropped_next_round PASSED [ 20%]
tests/test_collector_cursor_safety.py::test_schema_failure_still_commits_cursor PASSED [ 20%]
tests/test_collectors_offline.py::test_sec_edgar_parse_fixture PASSED    [ 20%]
tests/test_collectors_offline.py::test_sec_cursor_prevents_recollect PASSED [ 21%]
tests/test_collectors_offline.py::test_cninfo_parse_fixture PASSED       [ 21%]
tests/test_collectors_offline.py::test_cninfo_cursor_and_org_cache PASSED [ 21%]
tests/test_collectors_offline.py::test_cninfo_structure_error_not_silent PASSED [ 21%]
tests/test_collectors_offline.py::test_sse_szse_adapters_market_filter PASSED [ 21%]
tests/test_collectors_offline.py::test_disabled_source_is_disabled PASSED [ 22%]
tests/test_collectors_offline.py::test_http_retry_then_success PASSED    [ 22%]
tests/test_collectors_offline.py::test_http_network_error_after_retries PASSED [ 22%]
tests/test_collectors_offline.py::test_http_429_rate_limited_backoff_then_success PASSED [ 22%]
tests/test_collectors_offline.py::test_http_429_exhausted_raises PASSED  [ 22%]
tests/test_collectors_offline.py::test_http_5xx_retried_as_unavailable PASSED [ 23%]
tests/test_collectors_offline.py::test_http_auth_error_no_retry PASSED   [ 23%]
tests/test_collectors_offline.py::test_http_404_no_retry PASSED          [ 23%]
tests/test_collectors_offline.py::test_http_5xx_exhausted_raises_unavailable PASSED [ 23%]
tests/test_collectors_offline.py::test_http_rate_limit_spacing PASSED    [ 23%]
tests/test_collectors_offline.py::test_network_failure_reported_not_empty PASSED [ 24%]
tests/test_collectors_offline.py::test_unexpected_error_reported_not_empty PASSED [ 24%]
tests/test_collectors_offline.py::test_success_no_new_data_distinct_from_failure PASSED [ 24%]
tests/test_collectors_offline.py::test_registry_run_all_aggregates_failures PASSED [ 24%]
tests/test_collectors_offline.py::test_registry_interval_scheduling PASSED [ 25%]
tests/test_collectors_offline.py::test_registry_parallel_preserves_items_and_order PASSED [ 25%]
tests/test_dedup_and_revision.py::test_exact_dedup_url_revision_vs_exact_duplicate PASSED [ 25%]
tests/test_dedup_and_revision.py::test_exact_dedup_cross_source_same_title_retained PASSED [ 25%]
tests/test_dedup_and_revision.py::test_revision_denial_and_retraction_status PASSED [ 25%]
tests/test_dedup_and_revision.py::test_industry_graph_reload_filters_expired_edges PASSED [ 26%]
tests/test_dedup_and_revision.py::test_embedding_dimension_backfill_guard PASSED [ 26%]
tests/test_dedup_and_revision.py::test_event_splitter_auditable_separation PASSED [ 26%]
tests/test_dedup_and_revision.py::test_candidate_benchmark_is_label_blind PASSED [ 26%]
tests/test_digest_timezone.py::test_after_hours_us_event_appears_in_local_digest PASSED [ 26%]
tests/test_digest_timezone.py::test_events_outside_local_day_are_excluded PASSED [ 27%]
tests/test_digest_timezone.py::test_local_day_bounds_span_exactly_24h PASSED [ 27%]
tests/test_digest_timezone.py::test_bounds_follow_the_requested_timezone PASSED [ 27%]
tests/test_digest_timezone.py::test_digest_footer_states_the_window PASSED [ 27%]
tests/test_durable_boundaries.py::test_job_lease_fencing_and_recovery PASSED [ 27%]
tests/test_durable_boundaries.py::test_stage_b_error_recovers_without_new_collection PASSED [ 28%]
tests/test_durable_boundaries.py::test_disabled_after_enqueue_never_sends_and_expiry_is_ambiguous PASSED [ 28%]
tests/test_durable_boundaries.py::test_stable_document_revision_preserves_both_versions_and_denial PASSED [ 28%]
tests/test_durable_boundaries.py::test_failed_notification_intent_transaction_keeps_analysis_retryable PASSED [ 28%]
tests/test_durable_operational_loop.py::test_processing_job_lease_renewal PASSED [ 28%]
tests/test_durable_operational_loop.py::test_single_instance_runner_lock PASSED [ 29%]
tests/test_durable_operational_loop.py::test_multiprocess_job_lease_competition PASSED [ 29%]
tests/test_durable_operational_loop.py::test_ambiguous_outbox_resolution_and_audit PASSED [ 29%]
tests/test_durable_operational_loop.py::test_human_review_retry_safeguards PASSED [ 29%]
tests/test_durable_operational_loop.py::test_daily_digest_execution_and_outbox_policy PASSED [ 30%]
tests/test_durable_operational_loop.py::test_delivery_worker_continues_under_model_stop PASSED [ 30%]
tests/test_e2e.py::test_full_chain_event_to_alert PASSED                 [ 30%]
tests/test_event_engine.py::test_exact_dedup_by_source_item_id PASSED    [ 30%]
tests/test_event_engine.py::test_exact_dedup_by_title_hash PASSED        [ 30%]
tests/test_event_engine.py::test_new_event_created PASSED                [ 31%]
tests/test_event_engine.py::test_schema_validation_rejects_bad_llm_output PASSED [ 31%]
tests/test_forecast_ledger.py::test_hit_when_direction_matches PASSED    [ 31%]
tests/test_forecast_ledger.py::test_miss_when_direction_opposes PASSED   [ 31%]
tests/test_forecast_ledger.py::test_neutral_when_move_below_threshold PASSED [ 31%]
tests/test_forecast_ledger.py::test_return_is_event_anchored_not_intraday PASSED [ 32%]
tests/test_forecast_ledger.py::test_check_records_audit_fields PASSED    [ 32%]
tests/test_forecast_ledger.py::test_no_quote_keeps_pending PASSED        [ 32%]
tests/test_forecast_ledger.py::test_missing_anchor_is_unmeasurable_not_pending PASSED [ 32%]
tests/test_forecast_ledger.py::test_anchor_outside_tolerance_is_unmeasurable PASSED [ 32%]
tests/test_forecast_ledger.py::test_severely_delayed_check_is_unmeasurable PASSED [ 33%]
tests/test_forecast_ledger.py::test_not_due_within_horizon PASSED        [ 33%]
tests/test_forecast_ledger.py::test_idempotent_one_check_per_impact PASSED [ 33%]
tests/test_forecast_ledger.py::test_uncertain_directions_not_checked PASSED [ 33%]
tests/test_forecast_ledger.py::test_summary_and_render PASSED            [ 33%]
tests/test_graph.py::test_graph_hit_from_concept PASSED                  [ 34%]
tests/test_graph.py::test_graph_directness_by_hops PASSED                [ 34%]
tests/test_graph.py::test_shortest_path PASSED                           [ 34%]
tests/test_grounded_answer_hardened.py::test_fact_verbatim_quote_passes PASSED [ 34%]
tests/test_grounded_answer_hardened.py::test_fact_paraphrase_rejected PASSED [ 35%]
tests/test_grounded_answer_hardened.py::test_fact_hallucinated_quote_rejected PASSED [ 35%]
tests/test_grounded_answer_hardened.py::test_fact_evidence_misattribution_rejected PASSED [ 35%]
tests/test_grounded_answer_hardened.py::test_inference_valid_with_assumptions_and_numbers PASSED [ 35%]
tests/test_grounded_answer_hardened.py::test_inference_missing_assumptions_rejected PASSED [ 35%]
tests/test_grounded_answer_hardened.py::test_inference_numerical_hallucination_rejected PASSED [ 36%]
tests/test_grounded_answer_hardened.py::test_scenario_mode_contract PASSED [ 36%]
tests/test_grounded_answer_hardened.py::test_semantic_limitation_irrelevant_quote_passes_structure_but_flagged_as_inference PASSED [ 36%]
tests/test_grounded_answer_hardened.py::test_semantic_limitation_contradictory_evidence_exposure PASSED [ 36%]
tests/test_grounded_answer_hardened.py::test_semantic_limitation_entity_and_period_mismatch PASSED [ 36%]
tests/test_grounded_answer_hardened.py::test_guardrail_blocks_prompt_sniffing_in_question PASSED [ 37%]
tests/test_grounded_answer_hardened.py::test_guardrail_blocks_out_of_domain_queries PASSED [ 37%]
tests/test_grounded_answer_hardened.py::test_malicious_raw_content_injection_cannot_bypass_grounding PASSED [ 37%]
tests/test_guardrails.py::test_jailbreak_prompt_leak_blocked PASSED      [ 37%]
tests/test_guardrails.py::test_jailbreak_persona_override_blocked PASSED [ 37%]
tests/test_guardrails.py::test_jailbreak_delimiters_blocked PASSED       [ 38%]
tests/test_guardrails.py::test_out_of_domain_queries_rejected PASSED     [ 38%]
tests/test_guardrails.py::test_in_domain_financial_queries_allowed PASSED [ 38%]
tests/test_guardrails.py::test_multi_turn_context_domain_continuity PASSED [ 38%]
tests/test_hardening_boundaries.py::test_invalid_mode_fails_api_startup PASSED [ 38%]
tests/test_hardening_boundaries.py::test_development_auth_requires_explicit_switch PASSED [ 39%]
tests/test_hardening_boundaries.py::test_private_research_requires_owner_to_issue_revocable_share PASSED [ 39%]
tests/test_hardening_boundaries.py::test_generated_cursor_round_trips_all_pages PASSED [ 39%]
tests/test_hardening_boundaries.py::test_real_ask_client_reserves_once_and_validates_evidence PASSED [ 39%]
tests/test_hardening_boundaries.py::test_macro_question_without_ticker_is_valid PASSED [ 40%]
tests/test_hardening_boundaries.py::test_answer_rejects_fabricated_numbers_and_quotes PASSED [ 40%]
tests/test_hashing.py::test_canonical_url_strips_tracking_params PASSED  [ 40%]
tests/test_hashing.py::test_canonical_url_case_and_trailing_slash PASSED [ 40%]
tests/test_hashing.py::test_title_normalization PASSED                   [ 40%]
tests/test_health_and_deployment.py::test_health_check_healthy_state PASSED [ 41%]
tests/test_health_and_deployment.py::test_health_check_stale_sources_degraded PASSED [ 41%]
tests/test_health_and_deployment.py::test_health_check_llm_budget_exhausted_degraded PASSED [ 41%]
tests/test_health_and_deployment.py::test_health_check_outbox_backlog_degraded PASSED [ 41%]
tests/test_health_and_deployment.py::test_readiness_probe PASSED         [ 41%]
tests/test_health_and_deployment.py::test_backup_restore_and_automated_drill PASSED [ 42%]
tests/test_health_and_deployment.py::test_docker_compose_and_env_example PASSED [ 42%]
tests/test_human_review.py::test_pending_count_and_ordering PASSED       [ 42%]
tests/test_human_review.py::test_reason_breakdown_groups_by_failure_kind PASSED [ 42%]
tests/test_human_review.py::test_resolve_marks_single_item PASSED        [ 42%]
tests/test_human_review.py::test_resolve_all PASSED                      [ 43%]
tests/test_human_review.py::test_render_empty_and_populated PASSED       [ 43%]
tests/test_human_review.py::test_cli_output_survives_non_utf8_console PASSED [ 43%]
tests/test_human_review.py::test_render_truncates_long_queue PASSED      [ 43%]
tests/test_human_review.py::test_stage_a_failure_lands_in_review_queue PASSED [ 43%]
tests/test_hypothesis_and_user_validation.py::test_unauthenticated_research_endpoints_rejected PASSED [ 44%]
tests/test_hypothesis_and_user_validation.py::test_hypothesis_draft_generation PASSED [ 44%]
tests/test_hypothesis_and_user_validation.py::test_hypothesis_lifecycle_and_evidence_matching PASSED [ 44%]
tests/test_hypothesis_and_user_validation.py::test_tenant_isolation_and_public_share_desensitization PASSED [ 44%]
tests/test_hypothesis_and_user_validation.py::test_alert_feedback_and_summary_aggregation PASSED [ 45%]
tests/test_hypothesis_and_user_validation.py::test_portable_research_export PASSED [ 45%]
tests/test_immutable_forecast_snapshots.py::test_immutable_snapshots_on_revision PASSED [ 45%]
tests/test_immutable_forecast_snapshots.py::test_no_lookahead_bias_when_analysis_delayed PASSED [ 45%]
tests/test_immutable_forecast_snapshots.py::test_benchmark_excess_return_us_and_cn PASSED [ 45%]
tests/test_immutable_forecast_snapshots.py::test_grouped_summary_and_sample_transparency PASSED [ 46%]
tests/test_immutable_forecast_snapshots.py::test_telegram_accuracy_render_output PASSED [ 46%]
tests/test_immutable_forecast_snapshots.py::test_stale_exit_quote_handling PASSED [ 46%]
tests/test_industry_media_activation.py::test_activated_industry_media_enabled_and_public PASSED [ 46%]
tests/test_industry_media_activation.py::test_unauthorized_sources_stay_disabled PASSED [ 46%]
tests/test_industry_media_activation.py::test_cnbc_disabled_despite_working_feed PASSED [ 47%]
tests/test_industry_media_activation.py::test_collector_source_ids_are_disjoint PASSED [ 47%]
tests/test_industry_media_activation.py::test_activated_media_have_feed_entries PASSED [ 47%]
tests/test_industry_media_activation.py::test_dead_feed_urls_not_registered PASSED [ 47%]
tests/test_industry_media_activation.py::test_every_feed_source_is_seeded PASSED [ 47%]
tests/test_industry_media_activation.py::test_every_keyword_filter_is_defined PASSED [ 48%]
tests/test_industry_media_activation.py::test_industry_media_filter_matches_real_titles PASSED [ 48%]
tests/test_isolation.py::test_external_network_blocked PASSED            [ 48%]
tests/test_jin10.py::test_parse_time_iso_with_offset PASSED              [ 48%]
tests/test_jin10.py::test_parse_time_naive_treated_utc PASSED            [ 48%]
tests/test_jin10.py::test_parse_time_empty_or_none PASSED                [ 49%]
tests/test_jin10.py::test_parse_flash_json PASSED                        [ 49%]
tests/test_jin10.py::test_jin10_fetches_from_feed_head_each_run PASSED   [ 49%]
tests/test_llm_budget.py::test_budget_counts_persist_across_instances PASSED [ 49%]
tests/test_llm_budget.py::test_budget_check_raises_when_exhausted PASSED [ 50%]
tests/test_llm_budget.py::test_budget_disabled_never_blocks_but_still_counts PASSED [ 50%]
tests/test_llm_budget.py::test_budget_is_scoped_to_utc_day PASSED        [ 50%]
tests/test_llm_budget.py::test_budget_exceeded_is_an_llm_unavailable_error PASSED [ 50%]
tests/test_llm_budget.py::test_successful_call_consumes_one PASSED       [ 50%]
tests/test_llm_budget.py::test_retries_consume_budget PASSED             [ 51%]
tests/test_llm_budget.py::test_client_stops_at_budget_limit PASSED       [ 51%]
tests/test_llm_budget.py::test_pipeline_stops_on_budget_exhaustion PASSED [ 51%]
tests/test_llm_budget.py::test_budget_stop_is_distinct_from_missing_key PASSED [ 51%]
tests/test_llm_providers.py::test_client_selects_gemini_by_default PASSED [ 51%]
tests/test_llm_providers.py::test_client_selects_openai_when_configured PASSED [ 52%]
tests/test_llm_providers.py::test_client_unknown_provider_unavailable PASSED [ 52%]
tests/test_llm_providers.py::test_client_no_key_unavailable PASSED       [ 52%]
tests/test_llm_providers.py::test_gemini_generate_request_format PASSED  [ 52%]
tests/test_llm_providers.py::test_gemini_generate_pushes_response_schema PASSED [ 52%]
tests/test_llm_providers.py::test_client_passes_schema_down_to_provider PASSED [ 53%]
tests/test_llm_providers.py::test_gemini_generate_merges_multiple_parts PASSED [ 53%]
tests/test_llm_providers.py::test_gemini_generate_http_error_raises PASSED [ 53%]
tests/test_llm_providers.py::test_gemini_generate_unexpected_body_raises PASSED [ 53%]
tests/test_llm_providers.py::test_gemini_network_retry_then_success PASSED [ 53%]
tests/test_llm_providers.py::test_gemini_network_retry_exhausted_raises PASSED [ 54%]
tests/test_llm_providers.py::test_gemini_schema_validation_retry_then_success PASSED [ 54%]
tests/test_llm_providers.py::test_gemini_schema_validation_exhausted_raises PASSED [ 54%]
tests/test_llm_providers.py::test_config_default_provider_is_gemini PASSED [ 54%]
tests/test_llm_providers.py::test_config_gemini_env PASSED               [ 55%]
tests/test_llm_providers.py::test_config_openai_compat PASSED            [ 55%]
tests/test_llm_providers.py::test_config_openai_missing_key_not_required PASSED [ 55%]
tests/test_market_confirmation.py::test_after_hours_event_before_next_open_is_neutral PASSED [ 55%]
tests/test_market_confirmation.py::test_after_hours_event_confirmed_once_market_opens PASSED [ 55%]
tests/test_market_confirmation.py::test_stale_event_no_longer_confirmable PASSED [ 56%]
tests/test_market_confirmation.py::test_intraday_event_is_confirmed PASSED [ 56%]
tests/test_market_confirmation.py::test_no_event_time_keeps_legacy_behaviour PASSED [ 56%]
tests/test_market_confirmation.py::test_gate_disabled_without_calendar PASSED [ 56%]
tests/test_market_confirmation.py::test_unavailable_provider_is_neutral_and_marked PASSED [ 56%]
tests/test_market_confirmation.py::test_quote_cache_avoids_repeated_provider_calls PASSED [ 57%]
tests/test_market_confirmation.py::test_quote_cache_is_per_ticker PASSED [ 57%]
tests/test_market_confirmation.py::test_zero_ttl_disables_cache PASSED   [ 57%]
tests/test_market_confirmation.py::test_quote_persists_market_snapshot PASSED [ 57%]
tests/test_market_confirmation.py::test_snapshot_failure_does_not_break_confirmation PASSED [ 57%]
tests/test_market_confirmation.py::test_confirmation_score_bullish PASSED [ 58%]
tests/test_market_confirmation.py::test_confirmation_score_bearish PASSED [ 58%]
tests/test_market_confirmation.py::test_confirmation_score_zero_and_neutral PASSED [ 58%]
tests/test_market_data.py::test_alpaca_quote_has_confirmation_fields PASSED [ 58%]
tests/test_market_data.py::test_alpaca_quote_tolerates_missing_bars PASSED [ 58%]
tests/test_market_data.py::test_alpaca_snapshot_failure_returns_none PASSED [ 59%]
tests/test_market_data.py::test_market_confirmer_neutral_when_no_quote PASSED [ 59%]
tests/test_market_semantics_and_calendar.py::test_market_calendar_rules_and_early_close PASSED [ 59%]
tests/test_market_semantics_and_calendar.py::test_quote_provenance_and_snapshot_persistence PASSED [ 59%]
tests/test_market_semantics_and_calendar.py::test_alpaca_15m_bar_selection PASSED [ 60%]
tests/test_market_semantics_and_calendar.py::test_market_confirmation_gates_and_causality PASSED [ 60%]
tests/test_market_semantics_and_calendar.py::test_cross_weekend_rescore_schedule_and_expiry PASSED [ 60%]
tests/test_market_semantics_and_calendar.py::test_index_cache_age_degradation PASSED [ 60%]
tests/test_market_time.py::test_next_open_crosses_timezone PASSED        [ 60%]
tests/test_market_time.py::test_weekend_skips_to_monday PASSED           [ 61%]
tests/test_market_time.py::test_cn_holiday_skipped PASSED                [ 61%]
tests/test_market_time.py::test_reaction_window PASSED                   [ 61%]
tests/test_n06_revision_vectors_and_evaluation.py::test_replay_same_source_item_id_retains_two_raw_items_and_advances_version PASSED [ 61%]
tests/test_n06_revision_vectors_and_evaluation.py::test_pipeline_run_once_revision_propagation_past_72h_window PASSED [ 61%]
tests/test_n06_revision_vectors_and_evaluation.py::test_status_machine_denial_retraction_and_recovery PASSED [ 62%]
tests/test_n06_revision_vectors_and_evaluation.py::test_embedding_invalidation_on_title_summary_change PASSED [ 62%]
tests/test_n06_revision_vectors_and_evaluation.py::test_embedding_model_identity_mismatch_triggers_recalculation PASSED [ 62%]
tests/test_n06_revision_vectors_and_evaluation.py::test_same_model_different_revision_triggers_recalculation PASSED [ 62%]
tests/test_n06_revision_vectors_and_evaluation.py::test_100_pair_fixture_checksum_and_label_blind_contract PASSED [ 62%]
tests/test_n07_source_policy_and_bypasses.py::test_can_fetch_disabled_in_collector_and_blocks_http_client PASSED [ 63%]
tests/test_n07_source_policy_and_bypasses.py::test_can_store_false_skips_storage_commits_cursor_and_avoids_llm PASSED [ 63%]
tests/test_n07_source_policy_and_bypasses.py::test_can_display_false_hides_from_api_events_and_detail PASSED [ 63%]
tests/test_n07_source_policy_and_bypasses.py::test_can_display_false_excludes_from_ask_engine PASSED [ 63%]
tests/test_n07_source_policy_and_bypasses.py::test_can_display_false_blocks_research_draft_create_and_evidence PASSED [ 63%]
tests/test_n07_source_policy_and_bypasses.py::test_public_share_blocked_at_creation_and_revoked_on_policy_change PASSED [ 64%]
tests/test_n07_source_policy_and_bypasses.py::test_multi_source_conservative_withholding_rule PASSED [ 64%]
tests/test_n07_source_policy_and_bypasses.py::test_can_forward_false_suppresses_outbox_delivery PASSED [ 64%]
tests/test_n07_source_policy_and_bypasses.py::test_can_forward_false_excluded_from_daily_digest PASSED [ 64%]
tests/test_n07_source_policy_and_bypasses.py::test_cli_replay_event_halts_when_forwarding_not_permitted PASSED [ 65%]
tests/test_n07_source_policy_and_bypasses.py::test_telegram_bot_commands_reject_unpermitted_events PASSED [ 65%]
tests/test_n07_source_policy_and_bypasses.py::test_source_upsert_preserves_verified_fields_and_operational_override PASSED [ 65%]
tests/test_n07_source_policy_and_bypasses.py::test_source_authorization_record_lifecycle PASSED [ 65%]
tests/test_n08_research_and_user_actions.py::test_full_research_workflow_lifecycle PASSED [ 65%]
tests/test_n08_research_and_user_actions.py::test_match_new_evidence_validation_and_source_policy PASSED [ 66%]
tests/test_n08_research_and_user_actions.py::test_concurrent_edit_returns_409_and_protects_latest_state PASSED [ 66%]
tests/test_n08_research_and_user_actions.py::test_pagination_and_true_total_count PASSED [ 66%]
tests/test_n08_research_and_user_actions.py::test_public_share_desensitization_and_revocation PASSED [ 66%]
tests/test_n08_research_and_user_actions.py::test_alert_feedback_single_opinion_and_scope_permissions PASSED [ 66%]
tests/test_n08_research_and_user_actions.py::test_telegram_cmd_alert_unification_with_preferences PASSED [ 67%]
tests/test_n08_research_and_user_actions.py::test_preferences_master_switch_and_quiet_hours PASSED [ 67%]
tests/test_n09_migration_data_and_restore.py::test_migration_0022_to_latest_preserves_interconnected_data PASSED [ 67%]
tests/test_n09_migration_data_and_restore.py::test_migration_atomic_rollback_on_failure PASSED [ 67%]
tests/test_n09_migration_data_and_restore.py::test_legacy_forecast_isolation_and_strict_benchmark_rules PASSED [ 67%]
tests/test_n09_migration_data_and_restore.py::test_db_admin_backup_restore_cli_with_special_paths PASSED [ 68%]
tests/test_n09_migration_data_and_restore.py::test_negative_drill_cases_fail_explicitly PASSED [ 68%]
tests/test_n09_migration_data_and_restore.py::test_outbox_quarantine_on_restore PASSED [ 68%]
tests/test_n09_migration_data_and_restore.py::test_restore_drill_cli_produces_full_report PASSED [ 68%]
tests/test_normalization.py::test_all_a_share_prefixes[600519-600519.SH-SSE] PASSED [ 68%]
tests/test_normalization.py::test_all_a_share_prefixes[601138-601138.SH-SSE] PASSED [ 69%]
tests/test_normalization.py::test_all_a_share_prefixes[603986-603986.SH-SSE] PASSED [ 69%]
tests/test_normalization.py::test_all_a_share_prefixes[605499-605499.SH-SSE] PASSED [ 69%]
tests/test_normalization.py::test_all_a_share_prefixes[688981-688981.SH-SSE] PASSED [ 69%]
tests/test_normalization.py::test_all_a_share_prefixes[000021-000021.SZ-SZSE] PASSED [ 70%]
tests/test_normalization.py::test_all_a_share_prefixes[001979-001979.SZ-SZSE] PASSED [ 70%]
tests/test_normalization.py::test_all_a_share_prefixes[002156-002156.SZ-SZSE] PASSED [ 70%]
tests/test_normalization.py::test_all_a_share_prefixes[003023-003023.SZ-SZSE] PASSED [ 70%]
tests/test_normalization.py::test_all_a_share_prefixes[300308-300308.SZ-SZSE] PASSED [ 70%]
tests/test_normalization.py::test_all_a_share_prefixes[301308-301308.SZ-SZSE] PASSED [ 71%]
tests/test_normalization.py::test_user_input_variants_single_security PASSED [ 71%]
tests/test_normalization.py::test_watch_command_normalization PASSED     [ 71%]
tests/test_normalization.py::test_us_ticker_case_insensitive PASSED      [ 71%]
tests/test_normalization.py::test_invalid_a_share_length PASSED          [ 71%]
tests/test_normalization.py::test_secret_redaction_filter_masks_tokens PASSED [ 72%]
tests/test_normalization.py::test_plain_message_not_redacted PASSED      [ 72%]
tests/test_normalization.py::test_run_id_filter_attaches_run_id PASSED   [ 72%]
tests/test_ops.py::test_backup_snapshot_readable PASSED                  [ 72%]
tests/test_ops.py::test_backup_rotation_keeps_newest PASSED              [ 72%]
tests/test_ops.py::test_run_history_roundtrip_and_prune PASSED           [ 73%]
tests/test_ops.py::test_run_once_persists_history PASSED                 [ 73%]
tests/test_ops.py::test_digest_sent_once_per_day PASSED                  [ 73%]
tests/test_ops.py::test_digest_disabled_or_before_time PASSED            [ 73%]
tests/test_ops.py::test_digest_production_without_channel_skipped PASSED [ 73%]
tests/test_ops.py::test_pairwise_cosines_matches_pure_python PASSED      [ 74%]
tests/test_outbox.py::test_channel_binding_management PASSED             [ 74%]
tests/test_outbox.py::test_unbound_user_not_dispatched_to_telegram PASSED [ 74%]
tests/test_outbox.py::test_outbox_idempotency_and_atomic_claim PASSED    [ 74%]
tests/test_outbox.py::test_drain_outbox_successful_delivery PASSED       [ 75%]
tests/test_outbox.py::test_drain_outbox_403_permanent_failure_deactivates_binding PASSED [ 75%]
tests/test_outbox.py::test_drain_outbox_suppressed_when_binding_deactivated_before_send PASSED [ 75%]
tests/test_pagination_and_query_governance.py::test_sql_pagination_and_filtering PASSED [ 75%]
tests/test_pagination_and_query_governance.py::test_snapshot_pagination_prevents_page_drift PASSED [ 75%]
tests/test_pagination_and_query_governance.py::test_batch_impacts_eliminates_n_plus_one PASSED [ 76%]
tests/test_pagination_and_query_governance.py::test_events_api_pagination_and_resilience PASSED [ 76%]
tests/test_perf_paths.py::test_dedup_lookups_use_indexes PASSED          [ 76%]
tests/test_perf_paths.py::test_list_by_event_uses_index PASSED           [ 76%]
tests/test_perf_paths.py::test_dedup_still_correct_after_indexing PASSED [ 76%]
tests/test_perf_paths.py::test_ask_query_count_does_not_scale_with_graph PASSED [ 77%]
tests/test_perf_paths.py::test_ask_still_returns_direct_and_industry_events PASSED [ 77%]
tests/test_perf_paths.py::test_cluster_window_loaded_once_per_round PASSED [ 77%]
tests/test_perf_paths.py::test_same_round_items_still_cluster_into_one_event PASSED [ 77%]
tests/test_perf_paths.py::test_evidence_only_merge_skips_stage_b PASSED  [ 77%]
tests/test_perf_paths.py::test_merge_without_prior_analysis_still_runs_stage_b PASSED [ 78%]
tests/test_pipeline.py::test_run_once_then_repeat_is_idempotent PASSED   [ 78%]
tests/test_pipeline.py::test_run_once_offline_marks_degraded PASSED      [ 78%]
tests/test_pipeline.py::test_production_without_llm_stops PASSED         [ 78%]
tests/test_pipeline.py::test_production_without_telegram_channel_fails PASSED [ 78%]
tests/test_pipeline.py::test_revision_material_update_increments_version PASSED [ 79%]
tests/test_pipeline.py::test_revision_non_material_keeps_version PASSED  [ 79%]
tests/test_preferences_and_digest.py::test_preference_hierarchy_and_concurrency PASSED [ 79%]
tests/test_preferences_and_digest.py::test_is_in_quiet_hours PASSED      [ 79%]
tests/test_preferences_and_digest.py::test_alert_engine_suppression PASSED [ 80%]
tests/test_preferences_and_digest.py::test_daily_digest_timezone_cache_isolation PASSED [ 80%]
tests/test_preferences_and_digest.py::test_preferences_api_endpoints PASSED [ 80%]
tests/test_processing_recovery.py::test_probe_11_2_stage_b_recovery_after_budget_stop PASSED [ 80%]
tests/test_processing_recovery.py::test_probe_11_2_human_review_and_raw_item_integrity PASSED [ 80%]
tests/test_processing_recovery.py::test_stage_a_and_stage_b_job_records_created PASSED [ 81%]
tests/test_processing_recovery.py::test_legacy_inconsistency_repair_dry_run_and_execution PASSED [ 81%]
tests/test_quote_quality_and_events_decoupling.py::test_quote_contract_and_quality_property PASSED [ 81%]
tests/test_quote_quality_and_events_decoupling.py::test_events_list_decoupled_from_slow_quotes PASSED [ 81%]
tests/test_quote_quality_and_events_decoupling.py::test_cursor_pagination_contract_and_revision_stability PASSED [ 81%]
tests/test_quote_quality_and_events_decoupling.py::test_cursor_collision_on_identical_first_seen_at PASSED [ 82%]
tests/test_quote_quality_and_events_decoupling.py::test_100k_events_index_query_plan_and_latency PASSED [ 82%]
tests/test_quote_quality_and_events_decoupling.py::test_cache_fallback_does_not_upgrade_degraded_quality PASSED [ 82%]
tests/test_research_integration.py::test_real_merge_triggers_private_research_followup PASSED [ 82%]
tests/test_research_integration.py::test_export_includes_more_than_one_thousand_private_records PASSED [ 82%]
tests/test_research_integration.py::test_source_policy_revocation_hides_event_and_stops_forwarding PASSED [ 83%]
tests/test_restore_safety.py::test_fk_failure_is_not_a_successful_drill PASSED [ 83%]
tests/test_restore_safety.py::test_all_business_tables_hashed_and_restore_does_not_overwrite PASSED [ 83%]
tests/test_restore_safety.py::test_missing_source_never_creates_seeded_pass PASSED [ 83%]
tests/test_revision_resend.py::test_key_numbers_are_persisted PASSED     [ 83%]
tests/test_revision_resend.py::test_key_number_change_is_material PASSED [ 84%]
tests/test_revision_resend.py::test_first_time_key_numbers_are_not_a_change PASSED [ 84%]
tests/test_revision_resend.py::test_same_key_numbers_are_not_a_change PASSED [ 84%]
tests/test_revision_resend.py::test_direction_reversal_detected PASSED   [ 84%]
tests/test_revision_resend.py::test_uncertain_to_direction_is_not_a_reversal PASSED [ 85%]
tests/test_revision_resend.py::test_score_jump_detected PASSED           [ 85%]
tests/test_revision_resend.py::test_score_jitter_below_delta_ignored PASSED [ 85%]
tests/test_revision_resend.py::test_new_security_alone_is_not_a_change PASSED [ 85%]
tests/test_revision_resend.py::test_apply_analysis_change_bumps_version PASSED [ 85%]
tests/test_revision_resend.py::test_reason_outside_whitelist_is_not_resendable PASSED [ 86%]
tests/test_revision_resend.py::test_alert_engine_suppresses_when_resend_not_allowed PASSED [ 86%]
tests/test_revision_resend.py::test_new_event_ignores_resend_flag PASSED [ 86%]
tests/test_revision_resend.py::test_rescore_after_market_opens_crosses_threshold PASSED [ 86%]
tests/test_revision_resend.py::test_rescore_does_not_resend_already_delivered PASSED [ 86%]
tests/test_revision_resend.py::test_market_confirmation_alone_cannot_reach_resend_delta PASSED [ 87%]
tests/test_revision_resend.py::test_rescore_leaves_still_closed_market_alone PASSED [ 87%]
tests/test_revision_resend.py::test_first_cross_threshold PASSED         [ 87%]
tests/test_scoring.py::test_base_score_formula PASSED                    [ 87%]
tests/test_scoring.py::test_final_score_with_market_confirmation PASSED  [ 87%]
tests/test_scoring.py::test_final_score_clamped PASSED                   [ 88%]
tests/test_scoring.py::test_dimensions_clamped_to_1_10 PASSED            [ 88%]
tests/test_scoring.py::test_no_market_data_is_neutral PASSED             [ 88%]
tests/test_scoring.py::test_final_score_with_supply_demand PASSED        [ 88%]
tests/test_scoring.py::test_score_with_supply_demand_in_score_input PASSED [ 88%]
tests/test_scoring.py::test_supply_demand_default_is_neutral PASSED      [ 89%]
tests/test_source_completion.py::test_sandisk_sitemap_parse PASSED       [ 89%]
tests/test_source_completion.py::test_sandisk_sitemap_parse_empty PASSED [ 89%]
tests/test_source_completion.py::test_micron_newsroom_parse PASSED       [ 89%]
tests/test_source_completion.py::test_micron_newsroom_parse_empty_structure PASSED [ 90%]
tests/test_source_completion.py::test_micron_429_fallback_to_newsroom PASSED [ 90%]
tests/test_source_completion.py::test_keyword_filter_us_policy_hits PASSED [ 90%]
tests/test_source_completion.py::test_keyword_filter_cn_policy_hits PASSED [ 90%]
tests/test_source_completion.py::test_keyword_filter_empty_filter_passes PASSED [ 90%]
tests/test_source_completion.py::test_keyword_filter_industry_media PASSED [ 91%]
tests/test_source_completion.py::test_official_authorities_defined PASSED [ 91%]
tests/test_source_completion.py::test_source_registry_security_map PASSED [ 91%]
tests/test_source_completion.py::test_source_registry_authority_levels PASSED [ 91%]
tests/test_source_completion.py::test_bootstrap_suppression_before_activation PASSED [ 91%]
tests/test_source_completion.py::test_bootstrap_suppression_freshness_window PASSED [ 92%]
tests/test_source_completion.py::test_fresh_event_not_suppressed PASSED  [ 92%]
tests/test_source_completion.py::test_official_confirmation_revision_via_engine PASSED [ 92%]
tests/test_source_completion.py::test_non_official_merge_keeps_reported PASSED [ 92%]
tests/test_source_completion.py::test_health_rate_limited_explicit PASSED [ 92%]
tests/test_source_completion.py::test_health_broken_after_3_failures PASSED [ 93%]
tests/test_source_completion.py::test_health_disabled PASSED             [ 93%]
tests/test_source_completion.py::test_health_healthy PASSED              [ 93%]
tests/test_source_completion.py::test_health_degraded_no_success PASSED  [ 93%]
tests/test_supply_demand_signals.py::test_signal_file_has_required_sections PASSED [ 93%]
tests/test_supply_demand_signals.py::test_focus_guidance_includes_both_directions PASSED [ 94%]
tests/test_supply_demand_signals.py::test_detect_bullish_shortage PASSED [ 94%]
tests/test_supply_demand_signals.py::test_detect_bullish_chinese PASSED  [ 94%]
tests/test_supply_demand_signals.py::test_detect_bearish_glut PASSED     [ 94%]
tests/test_supply_demand_signals.py::test_detect_neutral_when_no_keywords PASSED [ 95%]
tests/test_supply_demand_signals.py::test_detect_balanced_is_neutral PASSED [ 95%]
tests/test_supply_demand_signals.py::test_score_mapping_is_deterministic_and_bounded PASSED [ 95%]
tests/test_supply_demand_signals.py::test_supply_demand_focus_appended_to_prompt PASSED [ 95%]
tests/test_supply_demand_signals.py::test_supply_demand_focus_does_not_include_ullm_subj PASSED [ 95%]
tests/test_tickers.py::test_us_ticker PASSED                             [ 96%]
tests/test_tickers.py::test_a_share_formats_all_normalize_to_same PASSED [ 96%]
tests/test_tickers.py::test_a_share_szse PASSED                          [ 96%]
tests/test_tickers.py::test_invalid PASSED                               [ 96%]
tests/test_universe_and_sources_governance.py::test_zero_dangling_security_map_references PASSED [ 96%]
tests/test_universe_and_sources_governance.py::test_source_governance_metadata_and_permissions PASSED [ 97%]
tests/test_universe_and_sources_governance.py::test_operational_override_isolation_across_restarts PASSED [ 97%]
tests/test_universe_and_sources_governance.py::test_candidate_security_status_lifecycle_and_delisted_guard PASSED [ 97%]
tests/test_universe_and_sources_governance.py::test_user_alias_isolation_zero_pollution PASSED [ 97%]
tests/test_universe_and_sources_governance.py::test_share_class_and_exchange_fidelity PASSED [ 97%]
tests/test_universe_and_sources_governance.py::test_watchlist_search_and_list_exposes_governance_tier PASSED [ 98%]
tests/test_universe_and_sources_governance.py::test_coverage_universe_doc_consistency PASSED [ 98%]
tests/test_verification.py::test_authority_fetch_zero_pads_cik PASSED    [ 98%]
tests/test_verification.py::test_authority_fetch_failure_not_silent PASSED [ 98%]
tests/test_verification.py::test_authority_empty_table_rejected PASSED   [ 98%]
tests/test_verification.py::test_verify_match PASSED                     [ 99%]
tests/test_verification.py::test_verify_mismatch_reported PASSED         [ 99%]
tests/test_verification.py::test_verify_not_found_official PASSED        [ 99%]
tests/test_verification.py::test_verify_skips_cn_securities PASSED       [ 99%]
tests/test_verification.py::test_verify_seed_securities_offline PASSED   [100%]

============================== warnings summary ===============================
.acceptance\clean-env\Lib\site-packages\starlette\testclient.py:53
  D:\Trace\.acceptance\clean-env\Lib\site-packages\starlette\testclient.py:53: DeprecationWarning: The anyio.abc.BlockingPortal alias is deprecated, use anyio.from_thread.BlockingPortal instead.
    _PortalFactoryType = Callable[[], AbstractContextManager[anyio.abc.BlockingPortal]]

-- Docs: https://docs.pytest.org/en/stable/how-to/capture-warnings.html
================== 480 passed, 1 warning in 98.83s (0:01:38) ==================
